Reading scale-1.000/000000/OUTCAR ...
Reading scale-1.000/000001/OUTCAR ...
Reading scale-1.000/000002/OUTCAR ...
Reading scale-1.000/000003/OUTCAR ...
Reading scale-1.000/000004/OUTCAR ...
Reading scale-1.000/000005/OUTCAR ...
Reading scale-1.000/000006/OUTCAR ...
Reading scale-1.000/000007/OUTCAR ...
Reading scale-1.000/000008/OUTCAR ...
Reading scale-1.000/000009/OUTCAR ...
Reading scale-1.000/000010/OUTCAR ...
Reading scale-1.000/000011/OUTCAR ...
Reading scale-1.000/000012/OUTCAR ...
Reading scale-1.000/000013/OUTCAR ...
Reading scale-1.000/000014/OUTCAR ...
Reading scale-1.000/000015/OUTCAR ...
Reading scale-1.000/000016/OUTCAR ...
Reading scale-1.000/000017/OUTCAR ...
Reading scale-1.000/000018/OUTCAR ...
Reading scale-1.000/000019/OUTCAR ...
Reading scale-1.000/000020/OUTCAR ...
Reading scale-1.000/000021/OUTCAR ...
Reading scale-1.000/000022/OUTCAR ...
Reading scale-1.000/000023/OUTCAR ...
Reading scale-1.000/000024/OUTCAR ...
Reading scale-1.000/000025/OUTCAR ...
Reading scale-1.000/000026/OUTCAR ...
Reading scale-1.000/000027/OUTCAR ...
Reading scale-1.000/000028/OUTCAR ...
Reading scale-1.000/000029/OUTCAR ...
:
  scale-1.000/000009/OUTCAR
Searching directory scale-1.000/000010/ for OUTCAR* files ...
Found the following files:
  scale-1.000/000010/OUTCAR
Searching directory scale-1.000/000011/ for OUTCAR* files ...
Found the following files:
  scale-1.000/000011/OUTCAR
Searching directory scale-1.000/000012/ for OUTCAR* files ...
Found the following files:
  scale-1.000/000012/OUTCAR
Searching directory scale-1.000/000013/ for OUTCAR* files ...
Found the following files:
  scale-1.000/000013/OUTCAR
Searching directory scale-1.000/000014/ for OUTCAR* files ...
Found the following files:
  scale-1.000/000014/OUTCAR
Searching directory scale-1.000/000015/ for OUTCAR* files ...
Found the following files:
  scale-1.000/000015/OUTCAR
Searching directory scale-1.000/000016/ for OUTCAR* files ...
Found the following files:
  scale-1.000/000016/OUTCAR
Searching directory scale-1.000/000017/ for OUTCAR* files ...
Found the following files:
  scale-1.000/000017/OUTCAR
Searching directory scale-1.000/000018/ for OUTCAR* files ...
Found the following files:
  scale-1.000/000018/OUTCAR
Searching directory scale-1.000/000019/ for OUTCAR* files ...
Found the following files:
  scale-1.000/000019/OUTCAR
Searching directory scale-1.000/000020/ for OUTCAR* files ...
Found the following files:
  scale-1.000/000020/OUTCAR
Searching directory scale-1.000/000021/ for OUTCAR* files ...
Found the following files:
  scale-1.000/000021/OUTCAR
Searching directory scale-1.000/000022/ for OUTCAR* files ...
Found the following files:
  scale-1.000/000022/OUTCAR
Searching directory scale-1.000/000023/ for OUTCAR* files ...
Found the following files:
  scale-1.000/000023/OUTCAR
Searching directory scale-1.000/000024/ for OUTCAR* files ...
Found the following files:
  scale-1.000/000024/OUTCAR
Searching directory scale-1.000/000025/ for OUTCAR* files ...
Found the following files:
  scale-1.000/000025/OUTCAR
Searching directory scale-1.000/000026/ for OUTCAR* files ...
Found the following files:
  scale-1.000/000026/OUTCAR
Searching directory scale-1.000/000027/ for OUTCAR* files ...
Found the following files:
  scale-1.000/000027/OUTCAR
Searching directory scale-1.000/000028/ for OUTCAR* files ...
Found the following files:
  scale-1.000/000028/OUTCAR
Searching directory scale-1.000/000029/ for OUTCAR* files ...
Found the following files:
  scale-1.000/000029/OUTCAR
